e:\_test\hu_type\hu_type\debug\vc120.pdb
e:\_test\hu_type\hu_type\debug\vc120.idb
e:\_test\hu_type\hu_type\debug\hu_type.obj
e:\_test\hu_type\hu_type\debug\main.obj
e:\_test\hu_type\hu_type\debug\analyse.obj
e:\_test\hu_type\hu_type\debug\table_mgr.obj
e:\_test\hu_type\debug\hu_type.ilk
e:\_test\hu_type\debug\hu_type.exe
e:\_test\hu_type\debug\hu_type.pdb
e:\_test\hu_type\hu_type\debug\cardscfgtool.obj
e:\_test\hu_type\hu_type\debug\hu_type.tlog\cl.command.1.tlog
e:\_test\hu_type\hu_type\debug\hu_type.tlog\cl.read.1.tlog
e:\_test\hu_type\hu_type\debug\hu_type.tlog\cl.write.1.tlog
e:\_test\hu_type\hu_type\debug\hu_type.tlog\link-cvtres.read.1.tlog
e:\_test\hu_type\hu_type\debug\hu_type.tlog\link-cvtres.write.1.tlog
e:\_test\hu_type\hu_type\debug\hu_type.tlog\link-rc.read.1.tlog
e:\_test\hu_type\hu_type\debug\hu_type.tlog\link-rc.write.1.tlog
e:\_test\hu_type\hu_type\debug\hu_type.tlog\link.9524-cvtres.read.1.tlog
e:\_test\hu_type\hu_type\debug\hu_type.tlog\link.9524-cvtres.write.1.tlog
e:\_test\hu_type\hu_type\debug\hu_type.tlog\link.9524-rc.read.1.tlog
e:\_test\hu_type\hu_type\debug\hu_type.tlog\link.9524-rc.write.1.tlog
e:\_test\hu_type\hu_type\debug\hu_type.tlog\link.9524.read.1.tlog
e:\_test\hu_type\hu_type\debug\hu_type.tlog\link.9524.write.1.tlog
e:\_test\hu_type\hu_type\debug\hu_type.tlog\link.command.1.tlog
e:\_test\hu_type\hu_type\debug\hu_type.tlog\link.read.1.tlog
e:\_test\hu_type\hu_type\debug\hu_type.tlog\link.write.1.tlog
